build/app/intermediates/manifest_merge_blame_file/release/manifest-merger-blame-release-report.txt
1<?xml version="1.0" encoding="utf-8"?>
2<manifest xmlns:android="http://schemas.android.com/apk/res/android"
3    package="com.phinverse.phincash"
4    android:versionCode="1"
5    android:versionName="1.0.0" >
6
7    <uses-sdk
8        android:minSdkVersion="20"
8-->src\main\AndroidManifest.xml
9        android:targetSdkVersion="31" />
9-->src\main\AndroidManifest.xml
10
11    <queries>
11-->src\main\AndroidManifest.xml:4:5-25:17
12
13        <!-- If your app opens https URLs -->
14        <intent>
14-->src\main\AndroidManifest.xml:6:7-9:16
15            <action android:name="android.intent.action.VIEW" />
15-->src\main\AndroidManifest.xml:7:9-61
15-->src\main\AndroidManifest.xml:7:17-58
16
17            <data android:scheme="https" />
17-->src\main\AndroidManifest.xml:8:15-37
18        </intent>
19        <!-- If your app makes calls -->
20        <intent>
20-->src\main\AndroidManifest.xml:11:7-14:16
21            <action android:name="android.intent.action.DIAL" />
21-->src\main\AndroidManifest.xml:12:9-61
21-->src\main\AndroidManifest.xml:12:17-58
22
23            <data android:scheme="tel" />
23-->src\main\AndroidManifest.xml:8:15-37
24        </intent>
25        <!-- If your sends SMS messages -->
26        <intent>
26-->src\main\AndroidManifest.xml:16:7-19:16
27            <action android:name="android.intent.action.SENDTO" />
27-->src\main\AndroidManifest.xml:17:9-63
27-->src\main\AndroidManifest.xml:17:17-60
28
29            <data android:scheme="smsto" />
29-->src\main\AndroidManifest.xml:8:15-37
30        </intent>
31        <!-- If your app sends emails -->
32        <intent>
32-->src\main\AndroidManifest.xml:21:7-24:16
33            <action android:name="android.intent.action.SEND" />
33-->src\main\AndroidManifest.xml:22:9-61
33-->src\main\AndroidManifest.xml:22:17-58
34
35            <data android:mimeType="*/*" />
35-->src\main\AndroidManifest.xml:23:15-37
36        </intent>
37        <intent>
37-->[:flutter_inappwebview] AndroidManifest.xml:8:9-10:18
38            <action android:name="android.support.customtabs.action.CustomTabsService" />
38-->[:flutter_inappwebview] AndroidManifest.xml:9:13-90
38-->[:flutter_inappwebview] AndroidManifest.xml:9:21-87
39        </intent> <!-- For browser content -->
40        <intent>
40-->[com.google.android.gms:play-services-ads-lite:20.6.0] AndroidManifest.xml:31:9-37:18
41            <action android:name="android.intent.action.VIEW" />
41-->src\main\AndroidManifest.xml:7:9-61
41-->src\main\AndroidManifest.xml:7:17-58
42
43            <category android:name="android.intent.category.BROWSABLE" />
43-->src\main\AndroidManifest.xml:93:17-78
43-->src\main\AndroidManifest.xml:93:27-75
44
45            <data android:scheme="https" />
45-->src\main\AndroidManifest.xml:8:15-37
46        </intent>
47    </queries>
48
49    <uses-permission android:name="android.permission.FOREGROUND_SERVICE" />
49-->src\main\AndroidManifest.xml:26:7-79
49-->src\main\AndroidManifest.xml:26:24-76
50    <uses-permission android:name="android.permission.WRITE_EXTERNAL_STORAGE" />
50-->src\main\AndroidManifest.xml:27:7-82
50-->src\main\AndroidManifest.xml:27:24-80
51    <uses-permission android:name="android.permission.INTERNET" />
51-->src\main\AndroidManifest.xml:28:7-69
51-->src\main\AndroidManifest.xml:28:24-66
52    <uses-permission android:name="android.permission.ACCESS_WIFI_STATE" />
52-->src\main\AndroidManifest.xml:29:7-78
52-->src\main\AndroidManifest.xml:29:24-75
53    <uses-permission android:name="android.permission.ACCESS_NETWORK_STATE" />
53-->src\main\AndroidManifest.xml:30:7-81
53-->src\main\AndroidManifest.xml:30:24-78
54    <uses-permission android:name="android.permission.CAMERA" />
54-->src\main\AndroidManifest.xml:31:7-67
54-->src\main\AndroidManifest.xml:31:24-64
55
56    <uses-feature android:name="android.hardware.camera" />
56-->src\main\AndroidManifest.xml:32:7-62
56-->src\main\AndroidManifest.xml:32:21-59
57
58    <uses-permission android:name="android.permission.RECORD_AUDIO" />
58-->src\main\AndroidManifest.xml:33:7-73
58-->src\main\AndroidManifest.xml:33:24-70
59    <uses-permission android:name="android.permission.MODIFY_AUDIO_SETTINGS" />
59-->src\main\AndroidManifest.xml:34:7-82
59-->src\main\AndroidManifest.xml:34:24-79
60    <uses-permission android:name="android.permission.VIDEO_CAPTURE" />
60-->src\main\AndroidManifest.xml:35:7-74
60-->src\main\AndroidManifest.xml:35:24-71
61    <uses-permission android:name="android.permission.AUDIO_CAPTURE" />
61-->src\main\AndroidManifest.xml:36:7-74
61-->src\main\AndroidManifest.xml:36:24-71
62    <uses-permission android:name="android.permission.BLUETOOTH" />
62-->src\main\AndroidManifest.xml:37:7-70
62-->src\main\AndroidManifest.xml:37:24-67
63    <uses-permission android:name="android.permission.REQUEST_INSTALL_PACKAGES" />
63-->src\main\AndroidManifest.xml:38:7-85
63-->src\main\AndroidManifest.xml:38:24-82
64    <!-- start: remove below  permissions if location permission not require -->
65    <uses-permission android:name="android.permission.ACCESS_COARSE_LOCATION" />
65-->src\main\AndroidManifest.xml:40:7-83
65-->src\main\AndroidManifest.xml:40:24-80
66    <uses-permission android:name="android.permission.ACCESS_FINE_LOCATION" />
66-->src\main\AndroidManifest.xml:41:7-81
66-->src\main\AndroidManifest.xml:41:24-78
67    <uses-permission android:name="android.permission.ACCESS_BACKGROUND_LOCATION" />
67-->src\main\AndroidManifest.xml:42:7-87
67-->src\main\AndroidManifest.xml:42:24-84
68    <uses-permission android:name="android.permission.WAKE_LOCK" />
68-->[:firebase_messaging] AndroidManifest.xml:8:5-68
68-->[:firebase_messaging] AndroidManifest.xml:8:22-65
69    <uses-permission android:name="android.permission.RECEIVE_BOOT_COMPLETED" />
69-->[:flutter_local_notifications] AndroidManifest.xml:7:5-81
69-->[:flutter_local_notifications] AndroidManifest.xml:7:22-78
70    <uses-permission android:name="android.permission.VIBRATE" />
70-->[:flutter_local_notifications] AndroidManifest.xml:8:5-66
70-->[:flutter_local_notifications] AndroidManifest.xml:8:22-63
71    <uses-permission android:name="android.permission.USE_FULL_SCREEN_INTENT" />
71-->[:flutter_local_notifications] AndroidManifest.xml:9:5-81
71-->[:flutter_local_notifications] AndroidManifest.xml:9:22-78
72    <uses-permission android:name="android.permission.SCHEDULE_EXACT_ALARM" /> <!-- Required by older versions of Google Play services to create IID tokens -->
72-->[:flutter_local_notifications] AndroidManifest.xml:10:5-79
72-->[:flutter_local_notifications] AndroidManifest.xml:10:22-76
73    <uses-permission android:name="com.google.android.c2dm.permission.RECEIVE" />
73-->[com.google.firebase:firebase-messaging:23.0.4] AndroidManifest.xml:28:5-82
73-->[com.google.firebase:firebase-messaging:23.0.4] AndroidManifest.xml:28:22-79
74    <uses-permission android:name="com.google.android.gms.permission.AD_ID" />
74-->[com.google.android.gms:play-services-measurement-api:21.0.0] AndroidManifest.xml:25:5-79
74-->[com.google.android.gms:play-services-measurement-api:21.0.0] AndroidManifest.xml:25:22-76
75    <uses-permission android:name="com.google.android.finsky.permission.BIND_GET_INSTALL_REFERRER_SERVICE" /> <!-- end-location permisssion -->
75-->[com.google.android.gms:play-services-measurement:21.0.0] AndroidManifest.xml:26:5-110
75-->[com.google.android.gms:play-services-measurement:21.0.0] AndroidManifest.xml:26:22-107
76    <application
77        android:name="android.app.Application"
77-->src\main\AndroidManifest.xml:46:9-42
78        android:appComponentFactory="androidx.core.app.CoreComponentFactory"
78-->[androidx.core:core:1.7.0] AndroidManifest.xml:24:18-86
79        android:icon="@mipmap/ic_launcher"
79-->src\main\AndroidManifest.xml:47:9-43
80        android:label="Phincash"
80-->src\main\AndroidManifest.xml:45:9-33
81        android:requestLegacyExternalStorage="true"
81-->src\main\AndroidManifest.xml:49:9-52
82        android:usesCleartextTraffic="true" > <!-- this tag added to display downloading notification -->
82-->src\main\AndroidManifest.xml:48:9-44
83        <!-- below provide allows user to click on downloaded file -->
84
85
86        <!-- to allow file permission -->
87        <provider
88            android:name="com.pichillilorenzo.flutter_inappwebview.InAppWebViewFileProvider"
88-->src\main\AndroidManifest.xml:57:11-91
89            android:authorities="com.phinverse.phincash.flutter_inappwebview.fileprovider"
89-->src\main\AndroidManifest.xml:58:11-83
90            android:exported="false"
90-->src\main\AndroidManifest.xml:59:11-35
91            android:grantUriPermissions="true" >
91-->src\main\AndroidManifest.xml:60:11-45
92            <meta-data
92-->src\main\AndroidManifest.xml:61:11-63:56
93                android:name="android.support.FILE_PROVIDER_PATHS"
93-->src\main\AndroidManifest.xml:62:15-65
94                android:resource="@xml/provider_paths" />
94-->src\main\AndroidManifest.xml:63:15-53
95        </provider>
96
97        <activity
97-->src\main\AndroidManifest.xml:65:9-97:20
98            android:name="com.aniketmalik.pro_web.MainActivity"
98-->src\main\AndroidManifest.xml:66:13-41
99            android:configChanges="orientation|keyboardHidden|keyboard|screenSize|smallestScreenSize|locale|layoutDirection|fontScale|screenLayout|density|uiMode"
99-->src\main\AndroidManifest.xml:70:13-163
100            android:exported="true"
100-->src\main\AndroidManifest.xml:67:13-36
101            android:hardwareAccelerated="true"
101-->src\main\AndroidManifest.xml:71:13-47
102            android:launchMode="singleTop"
102-->src\main\AndroidManifest.xml:68:13-43
103            android:showWhenLocked="true"
103-->src\main\AndroidManifest.xml:73:13-42
104            android:theme="@style/LaunchTheme"
104-->src\main\AndroidManifest.xml:69:13-47
105            android:turnScreenOn="true"
105-->src\main\AndroidManifest.xml:74:13-40
106            android:windowSoftInputMode="adjustResize" >
106-->src\main\AndroidManifest.xml:72:13-55
107
108            <!--
109                 Specifies an Android theme to apply to this Activity as soon as
110                 the Android process has started. This theme is visible to the user
111                 while the Flutter UI initializes. After that, this theme continues
112                 to determine the Window background behind the Flutter UI.
113            -->
114            <meta-data
114-->src\main\AndroidManifest.xml:79:13-82:17
115                android:name="io.flutter.embedding.android.NormalTheme"
115-->src\main\AndroidManifest.xml:80:15-70
116                android:resource="@style/NormalTheme" />
116-->src\main\AndroidManifest.xml:81:15-52
117
118            <intent-filter>
118-->src\main\AndroidManifest.xml:83:13-86:29
119                <action android:name="android.intent.action.MAIN" />
119-->src\main\AndroidManifest.xml:84:17-68
119-->src\main\AndroidManifest.xml:84:25-66
120
121                <category android:name="android.intent.category.LAUNCHER" />
121-->src\main\AndroidManifest.xml:85:17-76
121-->src\main\AndroidManifest.xml:85:27-74
122            </intent-filter>
123
124            <!-- Deep linking -->
125            <meta-data
125-->src\main\AndroidManifest.xml:89:13-90
126                android:name="flutter_deeplinking_enabled"
126-->src\main\AndroidManifest.xml:89:24-66
127                android:value="true" />
127-->src\main\AndroidManifest.xml:89:67-87
128
129            <intent-filter android:autoVerify="true" >
129-->src\main\AndroidManifest.xml:90:13-96:29
129-->src\main\AndroidManifest.xml:90:28-53
130                <action android:name="android.intent.action.VIEW" />
130-->src\main\AndroidManifest.xml:7:9-61
130-->src\main\AndroidManifest.xml:7:17-58
131
132                <category android:name="android.intent.category.DEFAULT" />
132-->src\main\AndroidManifest.xml:92:17-76
132-->src\main\AndroidManifest.xml:92:27-73
133                <category android:name="android.intent.category.BROWSABLE" />
133-->src\main\AndroidManifest.xml:93:17-78
133-->src\main\AndroidManifest.xml:93:27-75
134
135                <data
136                    android:host="android.app.Application"
136-->src\main\AndroidManifest.xml:94:45-78
137                    android:pathPrefix="/"
137-->src\main\AndroidManifest.xml:94:79-101
138                    android:scheme="http" />
138-->src\main\AndroidManifest.xml:8:15-37
139                <data android:scheme="https" />
139-->src\main\AndroidManifest.xml:8:15-37
140            </intent-filter>
141        </activity>
142        <!--
143             Don't delete the meta-data below.
144             This is used by the Flutter tool to generate GeneratedPluginRegistrant.java
145        -->
146        <meta-data
146-->src\main\AndroidManifest.xml:100:9-102:33
147            android:name="flutterEmbedding"
147-->src\main\AndroidManifest.xml:101:13-44
148            android:value="2" />
148-->src\main\AndroidManifest.xml:102:13-30
149        <meta-data
149-->src\main\AndroidManifest.xml:103:9-105:59
150            android:name="com.google.firebase.messaging.default_notification_icon"
150-->src\main\AndroidManifest.xml:104:9-79
151            android:resource="@mipmap/ic_launcher_squircle" />
151-->src\main\AndroidManifest.xml:105:9-56
152        <!-- Sample AdMob app ID: ca-app-pub-3940256099942544~3347511713 -->
153        <meta-data
153-->src\main\AndroidManifest.xml:107:9-109:69
154            android:name="com.google.android.gms.ads.APPLICATION_ID"
154-->src\main\AndroidManifest.xml:108:13-69
155            android:value="ca-app-pub-3940256099942544~3347511713" />
155-->src\main\AndroidManifest.xml:109:13-67
156
157        <service
157-->[:firebase_messaging] AndroidManifest.xml:12:9-15:72
158            android:name="io.flutter.plugins.firebase.messaging.FlutterFirebaseMessagingBackgroundService"
158-->[:firebase_messaging] AndroidManifest.xml:13:13-107
159            android:exported="false"
159-->[:firebase_messaging] AndroidManifest.xml:14:13-37
160            android:permission="android.permission.BIND_JOB_SERVICE" />
160-->[:firebase_messaging] AndroidManifest.xml:15:13-69
161        <service
161-->[:firebase_messaging] AndroidManifest.xml:16:9-22:19
162            android:name="io.flutter.plugins.firebase.messaging.FlutterFirebaseMessagingService"
162-->[:firebase_messaging] AndroidManifest.xml:17:13-97
163            android:exported="false" >
163-->[:firebase_messaging] AndroidManifest.xml:18:13-37
164            <intent-filter>
164-->[:firebase_messaging] AndroidManifest.xml:19:13-21:29
165                <action android:name="com.google.firebase.MESSAGING_EVENT" />
165-->[:firebase_messaging] AndroidManifest.xml:20:17-78
165-->[:firebase_messaging] AndroidManifest.xml:20:25-75
166            </intent-filter>
167        </service>
168
169        <receiver
169-->[:firebase_messaging] AndroidManifest.xml:24:9-31:20
170            android:name="io.flutter.plugins.firebase.messaging.FlutterFirebaseMessagingReceiver"
170-->[:firebase_messaging] AndroidManifest.xml:25:13-98
171            android:exported="true"
171-->[:firebase_messaging] AndroidManifest.xml:26:13-36
172            android:permission="com.google.android.c2dm.permission.SEND" >
172-->[:firebase_messaging] AndroidManifest.xml:27:13-73
173            <intent-filter>
173-->[:firebase_messaging] AndroidManifest.xml:28:13-30:29
174                <action android:name="com.google.android.c2dm.intent.RECEIVE" />
174-->[:firebase_messaging] AndroidManifest.xml:29:17-81
174-->[:firebase_messaging] AndroidManifest.xml:29:25-78
175            </intent-filter>
176        </receiver>
177
178        <service
178-->[:firebase_messaging] AndroidManifest.xml:33:9-37:19
179            android:name="com.google.firebase.components.ComponentDiscoveryService"
179-->[:firebase_messaging] AndroidManifest.xml:33:18-89
180            android:directBootAware="true"
180-->[com.google.firebase:firebase-common:20.1.1] AndroidManifest.xml:35:13-43
181            android:exported="false" >
181-->[com.google.firebase:firebase-messaging:23.0.4] AndroidManifest.xml:54:13-37
182            <meta-data
182-->[:firebase_messaging] AndroidManifest.xml:34:13-36:85
183                android:name="com.google.firebase.components:io.flutter.plugins.firebase.messaging.FlutterFirebaseAppRegistrar"
183-->[:firebase_messaging] AndroidManifest.xml:35:17-128
184                android:value="com.google.firebase.components.ComponentRegistrar" />
184-->[:firebase_messaging] AndroidManifest.xml:36:17-82
185            <meta-data
185-->[:firebase_core] AndroidManifest.xml:9:13-11:85
186                android:name="com.google.firebase.components:io.flutter.plugins.firebase.core.FlutterFirebaseCoreRegistrar"
186-->[:firebase_core] AndroidManifest.xml:10:17-124
187                android:value="com.google.firebase.components.ComponentRegistrar" />
187-->[:firebase_core] AndroidManifest.xml:11:17-82
188            <meta-data
188-->[com.google.firebase:firebase-messaging:23.0.4] AndroidManifest.xml:55:13-57:85
189                android:name="com.google.firebase.components:com.google.firebase.messaging.FirebaseMessagingRegistrar"
189-->[com.google.firebase:firebase-messaging:23.0.4] AndroidManifest.xml:56:17-119
190                android:value="com.google.firebase.components.ComponentRegistrar" />
190-->[com.google.firebase:firebase-messaging:23.0.4] AndroidManifest.xml:57:17-82
191            <meta-data
191-->[com.google.firebase:firebase-datatransport:18.1.3] AndroidManifest.xml:28:13-30:85
192                android:name="com.google.firebase.components:com.google.firebase.datatransport.TransportRegistrar"
192-->[com.google.firebase:firebase-datatransport:18.1.3] AndroidManifest.xml:29:17-115
193                android:value="com.google.firebase.components.ComponentRegistrar" />
193-->[com.google.firebase:firebase-datatransport:18.1.3] AndroidManifest.xml:30:17-82
194            <meta-data
194-->[com.google.android.gms:play-services-measurement-api:21.0.0] AndroidManifest.xml:31:13-33:85
195                android:name="com.google.firebase.components:com.google.firebase.analytics.connector.internal.AnalyticsConnectorRegistrar"
195-->[com.google.android.gms:play-services-measurement-api:21.0.0] AndroidManifest.xml:32:17-139
196                android:value="com.google.firebase.components.ComponentRegistrar" />
196-->[com.google.android.gms:play-services-measurement-api:21.0.0] AndroidManifest.xml:33:17-82
197            <meta-data
197-->[com.google.firebase:firebase-installations:17.0.1] AndroidManifest.xml:18:13-20:85
198                android:name="com.google.firebase.components:com.google.firebase.installations.FirebaseInstallationsRegistrar"
198-->[com.google.firebase:firebase-installations:17.0.1] AndroidManifest.xml:19:17-127
199                android:value="com.google.firebase.components.ComponentRegistrar" />
199-->[com.google.firebase:firebase-installations:17.0.1] AndroidManifest.xml:20:17-82
200        </service>
201
202        <provider
202-->[:firebase_messaging] AndroidManifest.xml:39:9-43:38
203            android:name="io.flutter.plugins.firebase.messaging.FlutterFirebaseMessagingInitProvider"
203-->[:firebase_messaging] AndroidManifest.xml:40:13-102
204            android:authorities="com.phinverse.phincash.flutterfirebasemessaginginitprovider"
204-->[:firebase_messaging] AndroidManifest.xml:41:13-88
205            android:exported="false"
205-->[:firebase_messaging] AndroidManifest.xml:42:13-37
206            android:initOrder="99" />
206-->[:firebase_messaging] AndroidManifest.xml:43:13-35
207
208        <receiver
208-->[:flutter_local_notifications] AndroidManifest.xml:13:9-15:40
209            android:name="com.dexterous.flutterlocalnotifications.ScheduledNotificationReceiver"
209-->[:flutter_local_notifications] AndroidManifest.xml:14:13-97
210            android:exported="false" />
210-->[:flutter_local_notifications] AndroidManifest.xml:15:13-37
211        <receiver
211-->[:flutter_local_notifications] AndroidManifest.xml:16:9-25:20
212            android:name="com.dexterous.flutterlocalnotifications.ScheduledNotificationBootReceiver"
212-->[:flutter_local_notifications] AndroidManifest.xml:17:13-101
213            android:exported="false" >
213-->[:flutter_local_notifications] AndroidManifest.xml:18:13-37
214            <intent-filter>
214-->[:flutter_local_notifications] AndroidManifest.xml:19:13-24:29
215                <action android:name="android.intent.action.BOOT_COMPLETED" />
215-->[:flutter_local_notifications] AndroidManifest.xml:20:17-79
215-->[:flutter_local_notifications] AndroidManifest.xml:20:25-76
216                <action android:name="android.intent.action.MY_PACKAGE_REPLACED" />
216-->[:flutter_local_notifications] AndroidManifest.xml:21:17-84
216-->[:flutter_local_notifications] AndroidManifest.xml:21:25-81
217                <action android:name="android.intent.action.QUICKBOOT_POWERON" />
217-->[:flutter_local_notifications] AndroidManifest.xml:22:17-82
217-->[:flutter_local_notifications] AndroidManifest.xml:22:25-79
218                <action android:name="com.htc.intent.action.QUICKBOOT_POWERON" />
218-->[:flutter_local_notifications] AndroidManifest.xml:23:17-82
218-->[:flutter_local_notifications] AndroidManifest.xml:23:25-79
219            </intent-filter>
220        </receiver>
221
222        <activity
222-->[:url_launcher_android] AndroidManifest.xml:8:9-11:74
223            android:name="io.flutter.plugins.urllauncher.WebViewActivity"
223-->[:url_launcher_android] AndroidManifest.xml:9:13-74
224            android:exported="false"
224-->[:url_launcher_android] AndroidManifest.xml:10:13-37
225            android:theme="@android:style/Theme.NoTitleBar.Fullscreen" />
225-->[:url_launcher_android] AndroidManifest.xml:11:13-71
226        <activity
226-->[:flutter_inappwebview] AndroidManifest.xml:14:9-18:47
227            android:name="com.pichillilorenzo.flutter_inappwebview.in_app_browser.InAppBrowserActivity"
227-->[:flutter_inappwebview] AndroidManifest.xml:15:13-104
228            android:configChanges="orientation|keyboardHidden|keyboard|screenSize|locale|layoutDirection|fontScale|screenLayout|density"
228-->[:flutter_inappwebview] AndroidManifest.xml:16:13-137
229            android:exported="true"
229-->[:flutter_inappwebview] AndroidManifest.xml:17:13-36
230            android:theme="@style/AppTheme" />
230-->[:flutter_inappwebview] AndroidManifest.xml:18:13-44
231        <activity
231-->[:flutter_inappwebview] AndroidManifest.xml:19:9-22:55
232            android:name="com.pichillilorenzo.flutter_inappwebview.chrome_custom_tabs.ChromeCustomTabsActivity"
232-->[:flutter_inappwebview] AndroidManifest.xml:20:13-112
233            android:exported="true"
233-->[:flutter_inappwebview] AndroidManifest.xml:21:13-36
234            android:theme="@style/ThemeTransparent" />
234-->[:flutter_inappwebview] AndroidManifest.xml:22:13-52
235        <activity
235-->[:flutter_inappwebview] AndroidManifest.xml:23:9-26:55
236            android:name="com.pichillilorenzo.flutter_inappwebview.chrome_custom_tabs.TrustedWebActivity"
236-->[:flutter_inappwebview] AndroidManifest.xml:24:13-106
237            android:exported="true"
237-->[:flutter_inappwebview] AndroidManifest.xml:25:13-36
238            android:theme="@style/ThemeTransparent" />
238-->[:flutter_inappwebview] AndroidManifest.xml:26:13-52
239        <activity
239-->[:flutter_inappwebview] AndroidManifest.xml:27:9-31:55
240            android:name="com.pichillilorenzo.flutter_inappwebview.chrome_custom_tabs.ChromeCustomTabsActivitySingleInstance"
240-->[:flutter_inappwebview] AndroidManifest.xml:28:13-126
241            android:exported="true"
241-->[:flutter_inappwebview] AndroidManifest.xml:29:13-36
242            android:launchMode="singleInstance"
242-->[:flutter_inappwebview] AndroidManifest.xml:30:13-48
243            android:theme="@style/ThemeTransparent" />
243-->[:flutter_inappwebview] AndroidManifest.xml:31:13-52
244        <activity
244-->[:flutter_inappwebview] AndroidManifest.xml:32:9-36:55
245            android:name="com.pichillilorenzo.flutter_inappwebview.chrome_custom_tabs.TrustedWebActivitySingleInstance"
245-->[:flutter_inappwebview] AndroidManifest.xml:33:13-120
246            android:exported="true"
246-->[:flutter_inappwebview] AndroidManifest.xml:34:13-36
247            android:launchMode="singleInstance"
247-->[:flutter_inappwebview] AndroidManifest.xml:35:13-48
248            android:theme="@style/ThemeTransparent" />
248-->[:flutter_inappwebview] AndroidManifest.xml:36:13-52
249
250        <receiver
250-->[:flutter_inappwebview] AndroidManifest.xml:38:9-41:40
251            android:name="com.pichillilorenzo.flutter_inappwebview.chrome_custom_tabs.ActionBroadcastReceiver"
251-->[:flutter_inappwebview] AndroidManifest.xml:39:13-111
252            android:enabled="true"
252-->[:flutter_inappwebview] AndroidManifest.xml:40:13-35
253            android:exported="false" />
253-->[:flutter_inappwebview] AndroidManifest.xml:41:13-37
254
255        <meta-data
255-->[:flutter_inappwebview] AndroidManifest.xml:43:9-45:36
256            android:name="io.flutter.embedded_views_preview"
256-->[:flutter_inappwebview] AndroidManifest.xml:44:13-61
257            android:value="true" />
257-->[:flutter_inappwebview] AndroidManifest.xml:45:13-33
258
259        <provider
259-->[:share_plus] AndroidManifest.xml:8:9-16:20
260            android:name="dev.fluttercommunity.plus.share.ShareFileProvider"
260-->[:share_plus] AndroidManifest.xml:9:13-77
261            android:authorities="com.phinverse.phincash.flutter.share_provider"
261-->[:share_plus] AndroidManifest.xml:10:13-74
262            android:exported="false"
262-->[:share_plus] AndroidManifest.xml:11:13-37
263            android:grantUriPermissions="true" >
263-->[:share_plus] AndroidManifest.xml:12:13-47
264            <meta-data
264-->src\main\AndroidManifest.xml:61:11-63:56
265                android:name="android.support.FILE_PROVIDER_PATHS"
265-->src\main\AndroidManifest.xml:62:15-65
266                android:resource="@xml/flutter_share_file_paths" />
266-->src\main\AndroidManifest.xml:63:15-53
267        </provider>
268
269        <uses-library
269-->[androidx.window:window:1.0.0-beta04] AndroidManifest.xml:25:9-27:40
270            android:name="androidx.window.extensions"
270-->[androidx.window:window:1.0.0-beta04] AndroidManifest.xml:26:13-54
271            android:required="false" />
271-->[androidx.window:window:1.0.0-beta04] AndroidManifest.xml:27:13-37
272        <uses-library
272-->[androidx.window:window:1.0.0-beta04] AndroidManifest.xml:28:9-30:40
273            android:name="androidx.window.sidecar"
273-->[androidx.window:window:1.0.0-beta04] AndroidManifest.xml:29:13-51
274            android:required="false" />
274-->[androidx.window:window:1.0.0-beta04] AndroidManifest.xml:30:13-37
275
276        <receiver
276-->[com.google.firebase:firebase-messaging:23.0.4] AndroidManifest.xml:31:9-38:20
277            android:name="com.google.firebase.iid.FirebaseInstanceIdReceiver"
277-->[com.google.firebase:firebase-messaging:23.0.4] AndroidManifest.xml:32:13-78
278            android:exported="true"
278-->[com.google.firebase:firebase-messaging:23.0.4] AndroidManifest.xml:33:13-36
279            android:permission="com.google.android.c2dm.permission.SEND" >
279-->[com.google.firebase:firebase-messaging:23.0.4] AndroidManifest.xml:34:13-73
280            <intent-filter>
280-->[:firebase_messaging] AndroidManifest.xml:28:13-30:29
281                <action android:name="com.google.android.c2dm.intent.RECEIVE" />
281-->[:firebase_messaging] AndroidManifest.xml:29:17-81
281-->[:firebase_messaging] AndroidManifest.xml:29:25-78
282            </intent-filter>
283        </receiver>
284        <!--
285             FirebaseMessagingService performs security checks at runtime,
286             but set to not exported to explicitly avoid allowing another app to call it.
287        -->
288        <service
288-->[com.google.firebase:firebase-messaging:23.0.4] AndroidManifest.xml:44:9-51:19
289            android:name="com.google.firebase.messaging.FirebaseMessagingService"
289-->[com.google.firebase:firebase-messaging:23.0.4] AndroidManifest.xml:45:13-82
290            android:directBootAware="true"
290-->[com.google.firebase:firebase-messaging:23.0.4] AndroidManifest.xml:46:13-43
291            android:exported="false" >
291-->[com.google.firebase:firebase-messaging:23.0.4] AndroidManifest.xml:47:13-37
292            <intent-filter android:priority="-500" >
292-->[:firebase_messaging] AndroidManifest.xml:19:13-21:29
293                <action android:name="com.google.firebase.MESSAGING_EVENT" />
293-->[:firebase_messaging] AndroidManifest.xml:20:17-78
293-->[:firebase_messaging] AndroidManifest.xml:20:25-75
294            </intent-filter>
295        </service>
296        <service
296-->[com.google.android.datatransport:transport-backend-cct:3.1.4] AndroidManifest.xml:29:9-35:19
297            android:name="com.google.android.datatransport.runtime.backends.TransportBackendDiscovery"
297-->[com.google.android.datatransport:transport-backend-cct:3.1.4] AndroidManifest.xml:30:13-103
298            android:exported="false" >
298-->[com.google.android.datatransport:transport-backend-cct:3.1.4] AndroidManifest.xml:31:13-37
299            <meta-data
299-->[com.google.android.datatransport:transport-backend-cct:3.1.4] AndroidManifest.xml:32:13-34:39
300                android:name="backend:com.google.android.datatransport.cct.CctBackendFactory"
300-->[com.google.android.datatransport:transport-backend-cct:3.1.4] AndroidManifest.xml:33:17-94
301                android:value="cct" />
301-->[com.google.android.datatransport:transport-backend-cct:3.1.4] AndroidManifest.xml:34:17-36
302        </service>
303        <service
303-->[com.google.android.datatransport:transport-runtime:3.1.4] AndroidManifest.xml:26:9-30:19